/fs/lustre/scratch/mali/.venv/lib64/python3.11/site-packages/gwdistributions/distributions/location/angles/zodiac/iau.py:9: UserWarning: pkg_resources is deprecated as an API. See https://setuptools.pypa.io/en/latest/pkg_resources.html. The pkg_resources package is slated for removal as early as 2025-11-30. Refrain from using this package or pin to Setuptools<81.
  from pkg_resources import resource_filename
/fs/lustre/scratch/mali/.venv/lib64/python3.11/site-packages/gwdistributions/utils/cosmology.py:178: RuntimeWarning: divide by zero encountered in log
  return be.log(4*be.pi) + 2*be.log(Dc) + be.log(self.dDcdz(z))
/fs/lustre/scratch/mali/.venv/lib64/python3.11/site-packages/gwdistributions/distributions/spin/polar.py:140: RuntimeWarning: divide by zero encountered in log
  return Uniform._logprob(be.cos(pole), -1, +1) + be.log(be.clip(be.sin(pole), 0, 1))
/fs/lustre/scratch/mali/.venv/lib64/python3.11/site-packages/mmms/engine.py:48: RuntimeWarning: invalid value encountered in divide
  weights = weights * population.prob(samples) / priors
Traceback (most recent call last):
  File "/fs/lustre/scratch/mali/.venv/bin/mmms", line 265, in <module>
    ans = engine.samples2prob_odds(
          ^^^^^^^^^^^^^^^^^^^^^^^^^
  File "/fs/lustre/scratch/mali/.venv/lib64/python3.11/site-packages/mmms/engine.py", line 447, in samples2prob_odds
    (F, F_var), (G, G_var), FG_cov = _compute_pop_moments(
                                     ^^^^^^^^^^^^^^^^^^^^^
  File "/fs/lustre/scratch/mali/.venv/lib64/python3.11/site-packages/mmms/engine.py", line 241, in _compute_pop_moments
    mass_moments = _compute_vec_mass_moments(
                   ^^^^^^^^^^^^^^^^^^^^^^^^^^
  File "/fs/lustre/scratch/mali/.venv/lib64/python3.11/site-packages/mmms/engine.py", line 156, in _compute_vec_mass_moments
    mass_moments[ind] = _compute_mass_moments(
                        ^^^^^^^^^^^^^^^^^^^^^^
  File "/fs/lustre/scratch/mali/.venv/lib64/python3.11/site-packages/mmms/engine.py", line 132, in _compute_mass_moments
    ratio_var = _check_variance(ratio_var)
                ^^^^^^^^^^^^^^^^^^^^^^^^^^
  File "/fs/lustre/scratch/mali/.venv/lib64/python3.11/site-packages/mmms/engine.py", line 19, in _check_variance
    assert (variance > 0) or np.isclose(variance, 0), \
            ^^^^^^^^^^^^
AssertionError: bad estimate for the variance (nan)
