setting numpy.random.seed=123
reading config from: Farah2022-g-PDB.ini
instantiating SamplingDistribution [BinnedPowerLawAsymmetricMassRatioPairing]
loading [Mass1Distribution] from : butterworth.ini
reading config from: butterworth.ini
instantiating SamplingDistribution [ButterworthNotchNPiecePowerLawMass1]
instantiating SamplingDistribution [LocalMergerRatePowerLaw1plusRedshift]
instantiating SamplingDistribution [BetaSpin1Magnitude]
instantiating SamplingDistribution [IsotropicSpin1AzimuthalAngle]
instantiating SamplingDistribution [IsotropicSpin1PolarAngle]
instantiating SamplingDistribution [BetaSpin2Magnitude]
instantiating SamplingDistribution [IsotropicSpin2AzimuthalAngle]
instantiating SamplingDistribution [IsotropicSpin2PolarAngle]
loading samples from : etc/Farah2022-g-PDB+LEC-2020.csv.gz
current number of samples (1000000) is less than or equal to the maximum requested (inf)
pruning Mmax samples to fit within [0.100000, 5.000000]
    retained 1000000 / 1000000 samples
downsampling from 1000000 -> 10000 samples
extracting nontrival weights from column=logweight_PSR_GW_Xray
    exponentiating weights
Mtov Samples
    num=10000
    mean=2.253330e+00
    median=2.228452e+00
    std=1.626592e-01
    min=1.884662e+00
    max=4.556139e+00
loading samples from : etc/Prod-BBH-HighSpin1-HighSpin2.csv.gz
current number of samples (23988) is less than or equal to the maximum requested (inf)
pruning mass1_source samples to fit within [0.000000, 10.000000]
pruning mass2_source samples to fit within [0.000000, 10.000000]
pruning chirp mass samples to fit within [0.000000, 10.000000]
pruning mass ratio samples to fit within [0.000000, 1.000000]
pruning luminosity_distance samples to fit within [0.000000, 10000.000000]
    retained 23988 / 23988 samples
downsampling from 23988 -> 10000 samples
extracting nontrival weights from column=logprior
    exponentiating weights
Mass Samples
    num=10000
    mean=3.589632e+00
    median=3.645961e+00
    std=5.941611e-01
    min=2.140490e+00
    max=6.447377e+00
Spin Samples
    num=10000
    mean=4.472110e-01
    median=4.423734e-01
    std=2.355118e-01
    min=1.481244e-04
    max=9.895686e-01
marginalizing to compute posterior and odds ratio
    including spin effects
computing moments over single-event uncertainty for each population sample separately
computing sums over population uncertainty
computing moments over population uncertainty
    Probability: P(mass <= max_mass(spin, eos)AND spin <= max_spin(eos)) = 0.047378 +/- 0.002793525
    Odds Ratio : O^{mass <= max_mass(spin, eos)AND spin <= max_spin(eos))_{else} = 0.049734 +/- 0.003078302
