nohup: ignoring input
[STATUS] Cleaning up old output files...
[STATUS] Old output files cleaned.
[STATUS] Current working directory: /fs/lustre/scratch/mali/P_NS/mmms_analysis/grid_gamma_low_EOS_PDB_multiPDB
[STATUS] Running conversion for POP_VALUE=1.6...
[STATUS] Running conversion for POP_VALUE=1.8...
[STATUS] Running conversion for POP_VALUE=2.0...
[STATUS] Running conversion for POP_VALUE=2.2...
[STATUS] Running conversion for POP_VALUE=2.4...
[STATUS] Running conversion for POP_VALUE=2.6...
[STATUS] Running conversion for POP_VALUE=2.8...
[STATUS] Running conversion for POP_VALUE=3.0...
[STATUS] Running conversion for POP_VALUE=3.2...
[STATUS] Running conversion for POP_VALUE=3.4...
[STATUS] Running conversion for POP_VALUE=3.6...
[STATUS] Running conversion for POP_VALUE=3.8...
[STATUS] Running conversion for POP_VALUE=4.0...
[STATUS] Changing population parameters and values for:
 {'gamma_low': 2.4, 'eta_low': 50.0}
[UPDATE] Replacing gamma_low with 2.4 in merged posterior samples
[UPDATE] Replacing eta_low with 50.0 in merged posterior samples
[STATUS] Converting Ncomp to Ncomp
[STATUS] Converting H0 to Ho
[STATUS] Converting Om0 to OmegaMatter
[STATUS] Converting Or0 to OmegaRadiation
[STATUS] Converting OL0 to OmegaLambda
[STATUS] Converting kappa to pow_redshift
[STATUS] Converting max_redshift to max_redshift
[STATUS] Converting min_redshift to min_redshift
[STATUS] Converting model_min to min_mass1_source
[STATUS] Converting alpha_1 to alpha0
[STATUS] Converting m_break to break1_mass1_source
[STATUS] Converting alpha_2 to alpha1
[STATUS] Converting model_max to max_mass1_source
[STATUS] Converting m_min to highpass_mass_scale
[STATUS] Converting eta_min to highpass_exponent
[STATUS] Converting m_max to lowpass_mass_scale
[STATUS] Converting eta_max to lowpass_exponent
[STATUS] Converting A to notch_amplitude
[STATUS] Converting gamma_low to notch_lowmass_scale
[STATUS] Converting eta_low to notch_lowmass_exponent
[STATUS] Converting gamma_high to notch_highmass_scale
[STATUS] Converting eta_high to notch_highmass_exponent
[STATUS] Converting peak_constant1 to sumgaussianpeak_prefactor_mass1_source_0
   Applying normalization offset to this conversion
[STATUS] Converting mu_peak1 to sumgaussianpeak_mean_mass1_source_0
[STATUS] Converting sig_peak1 to sumgaussianpeak_stdv_mass1_source_0
[STATUS] Converting peak_constant2 to sumgaussianpeak_prefactor_mass1_source_1
   Applying normalization offset to this conversion
[STATUS] Converting mu_peak2 to sumgaussianpeak_mean_mass1_source_1
[STATUS] Converting sig_peak2 to sumgaussianpeak_stdv_mass1_source_1
[STATUS] Converting beta_1 to pairing_pow_q_low
[STATUS] Converting beta_2 to pairing_pow_q_high
[STATUS] Converting sep to pairing_mbreak
[STATUS] Converting a_min to min_spin1_magnitude
[STATUS] Converting a_max to max_spin1_magnitude
[STATUS] Converting a_min to min_spin2_magnitude
[STATUS] Converting a_max to max_spin2_magnitude
[STATUS] Converting pow_spin1_magnitude to pow_spin1_magnitude
[STATUS] Converting pow_spin2_magnitude to pow_spin2_magnitude
dict_keys(['Ncomp', 'Ho', 'OmegaMatter', 'OmegaRadiation', 'OmegaLambda', 'pow_redshift', 'max_redshift', 'min_redshift', 'min_mass1_source', 'alpha0', 'break1_mass1_source', 'alpha1', 'max_mass1_source', 'highpass_mass_scale', 'highpass_exponent', 'lowpass_mass_scale', 'lowpass_exponent', 'notch_amplitude', 'notch_lowmass_scale', 'notch_lowmass_exponent', 'notch_highmass_scale', 'notch_highmass_exponent', 'sumgaussianpeak_prefactor_mass1_source_0', 'sumgaussianpeak_mean_mass1_source_0', 'sumgaussianpeak_stdv_mass1_source_0', 'sumgaussianpeak_prefactor_mass1_source_1', 'sumgaussianpeak_mean_mass1_source_1', 'sumgaussianpeak_stdv_mass1_source_1', 'pairing_pow_q_low', 'pairing_pow_q_high', 'pairing_mbreak', 'min_spin1_magnitude', 'max_spin1_magnitude', 'min_spin2_magnitude', 'max_spin2_magnitude', 'pow_spin1_magnitude', 'pow_spin2_magnitude'])
[STATUS] Changing population parameters and values for:
 {'gamma_low': 3.2, 'eta_low': 50.0}
[UPDATE] Replacing gamma_low with 3.2 in merged posterior samples
[UPDATE] Replacing eta_low with 50.0 in merged posterior samples
[STATUS] Converting Ncomp to Ncomp
[STATUS] Converting H0 to Ho
[STATUS] Converting Om0 to OmegaMatter
[STATUS] Converting Or0 to OmegaRadiation
[STATUS] Converting OL0 to OmegaLambda
[STATUS] Converting kappa to pow_redshift
[STATUS] Converting max_redshift to max_redshift
[STATUS] Converting min_redshift to min_redshift
[STATUS] Converting model_min to min_mass1_source
[STATUS] Converting alpha_1 to alpha0
[STATUS] Converting m_break to break1_mass1_source
[STATUS] Converting alpha_2 to alpha1
[STATUS] Converting model_max to max_mass1_source
[STATUS] Converting m_min to highpass_mass_scale
[STATUS] Converting eta_min to highpass_exponent
[STATUS] Converting m_max to lowpass_mass_scale
[STATUS] Converting eta_max to lowpass_exponent
[STATUS] Converting A to notch_amplitude
[STATUS] Converting gamma_low to notch_lowmass_scale
[STATUS] Converting eta_low to notch_lowmass_exponent
[STATUS] Converting gamma_high to notch_highmass_scale
[STATUS] Converting eta_high to notch_highmass_exponent
[STATUS] Converting peak_constant1 to sumgaussianpeak_prefactor_mass1_source_0
   Applying normalization offset to this conversion
[STATUS] Converting mu_peak1 to sumgaussianpeak_mean_mass1_source_0
[STATUS] Converting sig_peak1 to sumgaussianpeak_stdv_mass1_source_0
[STATUS] Converting peak_constant2 to sumgaussianpeak_prefactor_mass1_source_1
   Applying normalization offset to this conversion
[STATUS] Converting mu_peak2 to sumgaussianpeak_mean_mass1_source_1
[STATUS] Converting sig_peak2 to sumgaussianpeak_stdv_mass1_source_1
[STATUS] Converting beta_1 to pairing_pow_q_low
[STATUS] Converting beta_2 to pairing_pow_q_high
[STATUS] Converting sep to pairing_mbreak
[STATUS] Converting a_min to min_spin1_magnitude
[STATUS] Converting a_max to max_spin1_magnitude
[STATUS] Converting a_min to min_spin2_magnitude
[STATUS] Converting a_max to max_spin2_magnitude
[STATUS] Converting pow_spin1_magnitude to pow_spin1_magnitude
[STATUS] Converting pow_spin2_magnitude to pow_spin2_magnitude
dict_keys(['Ncomp', 'Ho', 'OmegaMatter', 'OmegaRadiation', 'OmegaLambda', 'pow_redshift', 'max_redshift', 'min_redshift', 'min_mass1_source', 'alpha0', 'break1_mass1_source', 'alpha1', 'max_mass1_source', 'highpass_mass_scale', 'highpass_exponent', 'lowpass_mass_scale', 'lowpass_exponent', 'notch_amplitude', 'notch_lowmass_scale', 'notch_lowmass_exponent', 'notch_highmass_scale', 'notch_highmass_exponent', 'sumgaussianpeak_prefactor_mass1_source_0', 'sumgaussianpeak_mean_mass1_source_0', 'sumgaussianpeak_stdv_mass1_source_0', 'sumgaussianpeak_prefactor_mass1_source_1', 'sumgaussianpeak_mean_mass1_source_1', 'sumgaussianpeak_stdv_mass1_source_1', 'pairing_pow_q_low', 'pairing_pow_q_high', 'pairing_mbreak', 'min_spin1_magnitude', 'max_spin1_magnitude', 'min_spin2_magnitude', 'max_spin2_magnitude', 'pow_spin1_magnitude', 'pow_spin2_magnitude'])
[STATUS] Changing population parameters and values for:
 {'gamma_low': 2.8, 'eta_low': 50.0}
[UPDATE] Replacing gamma_low with 2.8 in merged posterior samples
[UPDATE] Replacing eta_low with 50.0 in merged posterior samples
[STATUS] Converting Ncomp to Ncomp
[STATUS] Converting H0 to Ho
[STATUS] Converting Om0 to OmegaMatter
[STATUS] Converting Or0 to OmegaRadiation
[STATUS] Converting OL0 to OmegaLambda
[STATUS] Converting kappa to pow_redshift
[STATUS] Converting max_redshift to max_redshift
[STATUS] Converting min_redshift to min_redshift
[STATUS] Converting model_min to min_mass1_source
[STATUS] Converting alpha_1 to alpha0
[STATUS] Converting m_break to break1_mass1_source
[STATUS] Converting alpha_2 to alpha1
[STATUS] Converting model_max to max_mass1_source
[STATUS] Converting m_min to highpass_mass_scale
[STATUS] Converting eta_min to highpass_exponent
[STATUS] Converting m_max to lowpass_mass_scale
[STATUS] Converting eta_max to lowpass_exponent
[STATUS] Converting A to notch_amplitude
[STATUS] Converting gamma_low to notch_lowmass_scale
[STATUS] Converting eta_low to notch_lowmass_exponent
[STATUS] Converting gamma_high to notch_highmass_scale
[STATUS] Converting eta_high to notch_highmass_exponent
[STATUS] Converting peak_constant1 to sumgaussianpeak_prefactor_mass1_source_0
   Applying normalization offset to this conversion
[STATUS] Converting mu_peak1 to sumgaussianpeak_mean_mass1_source_0
[STATUS] Converting sig_peak1 to sumgaussianpeak_stdv_mass1_source_0
[STATUS] Converting peak_constant2 to sumgaussianpeak_prefactor_mass1_source_1
   Applying normalization offset to this conversion
[STATUS] Converting mu_peak2 to sumgaussianpeak_mean_mass1_source_1
[STATUS] Converting sig_peak2 to sumgaussianpeak_stdv_mass1_source_1
[STATUS] Converting beta_1 to pairing_pow_q_low
[STATUS] Converting beta_2 to pairing_pow_q_high
[STATUS] Converting sep to pairing_mbreak
[STATUS] Converting a_min to min_spin1_magnitude
[STATUS] Converting a_max to max_spin1_magnitude
[STATUS] Converting a_min to min_spin2_magnitude
[STATUS] Converting a_max to max_spin2_magnitude
[STATUS] Converting pow_spin1_magnitude to pow_spin1_magnitude
[STATUS] Converting pow_spin2_magnitude to pow_spin2_magnitude
dict_keys(['Ncomp', 'Ho', 'OmegaMatter', 'OmegaRadiation', 'OmegaLambda', 'pow_redshift', 'max_redshift', 'min_redshift', 'min_mass1_source', 'alpha0', 'break1_mass1_source', 'alpha1', 'max_mass1_source', 'highpass_mass_scale', 'highpass_exponent', 'lowpass_mass_scale', 'lowpass_exponent', 'notch_amplitude', 'notch_lowmass_scale', 'notch_lowmass_exponent', 'notch_highmass_scale', 'notch_highmass_exponent', 'sumgaussianpeak_prefactor_mass1_source_0', 'sumgaussianpeak_mean_mass1_source_0', 'sumgaussianpeak_stdv_mass1_source_0', 'sumgaussianpeak_prefactor_mass1_source_1', 'sumgaussianpeak_mean_mass1_source_1', 'sumgaussianpeak_stdv_mass1_source_1', 'pairing_pow_q_low', 'pairing_pow_q_high', 'pairing_mbreak', 'min_spin1_magnitude', 'max_spin1_magnitude', 'min_spin2_magnitude', 'max_spin2_magnitude', 'pow_spin1_magnitude', 'pow_spin2_magnitude'])
[STATUS] Changing population parameters and values for:
 {'gamma_low': 2.0, 'eta_low': 50.0}
[UPDATE] Replacing gamma_low with 2.0 in merged posterior samples
[UPDATE] Replacing eta_low with 50.0 in merged posterior samples
[STATUS] Converting Ncomp to Ncomp
[STATUS] Converting H0 to Ho
[STATUS] Converting Om0 to OmegaMatter
[STATUS] Converting Or0 to OmegaRadiation
[STATUS] Converting OL0 to OmegaLambda
[STATUS] Converting kappa to pow_redshift
[STATUS] Converting max_redshift to max_redshift
[STATUS] Converting min_redshift to min_redshift
[STATUS] Converting model_min to min_mass1_source
[STATUS] Converting alpha_1 to alpha0
[STATUS] Converting m_break to break1_mass1_source
[STATUS] Converting alpha_2 to alpha1
[STATUS] Converting model_max to max_mass1_source
[STATUS] Converting m_min to highpass_mass_scale
[STATUS] Converting eta_min to highpass_exponent
[STATUS] Converting m_max to lowpass_mass_scale
[STATUS] Converting eta_max to lowpass_exponent
[STATUS] Converting A to notch_amplitude
[STATUS] Converting gamma_low to notch_lowmass_scale
[STATUS] Converting eta_low to notch_lowmass_exponent
[STATUS] Converting gamma_high to notch_highmass_scale
[STATUS] Converting eta_high to notch_highmass_exponent
[STATUS] Converting peak_constant1 to sumgaussianpeak_prefactor_mass1_source_0
   Applying normalization offset to this conversion
[STATUS] Converting mu_peak1 to sumgaussianpeak_mean_mass1_source_0
[STATUS] Converting sig_peak1 to sumgaussianpeak_stdv_mass1_source_0
[STATUS] Converting peak_constant2 to sumgaussianpeak_prefactor_mass1_source_1
   Applying normalization offset to this conversion
[STATUS] Converting mu_peak2 to sumgaussianpeak_mean_mass1_source_1
[STATUS] Converting sig_peak2 to sumgaussianpeak_stdv_mass1_source_1
[STATUS] Converting beta_1 to pairing_pow_q_low
[STATUS] Converting beta_2 to pairing_pow_q_high
[STATUS] Converting sep to pairing_mbreak
[STATUS] Converting a_min to min_spin1_magnitude
[STATUS] Converting a_max to max_spin1_magnitude
[STATUS] Converting a_min to min_spin2_magnitude
[STATUS] Converting a_max to max_spin2_magnitude
[STATUS] Converting pow_spin1_magnitude to pow_spin1_magnitude
[STATUS] Converting pow_spin2_magnitude to pow_spin2_magnitude
dict_keys(['Ncomp', 'Ho', 'OmegaMatter', 'OmegaRadiation', 'OmegaLambda', 'pow_redshift', 'max_redshift', 'min_redshift', 'min_mass1_source', 'alpha0', 'break1_mass1_source', 'alpha1', 'max_mass1_source', 'highpass_mass_scale', 'highpass_exponent', 'lowpass_mass_scale', 'lowpass_exponent', 'notch_amplitude', 'notch_lowmass_scale', 'notch_lowmass_exponent', 'notch_highmass_scale', 'notch_highmass_exponent', 'sumgaussianpeak_prefactor_mass1_source_0', 'sumgaussianpeak_mean_mass1_source_0', 'sumgaussianpeak_stdv_mass1_source_0', 'sumgaussianpeak_prefactor_mass1_source_1', 'sumgaussianpeak_mean_mass1_source_1', 'sumgaussianpeak_stdv_mass1_source_1', 'pairing_pow_q_low', 'pairing_pow_q_high', 'pairing_mbreak', 'min_spin1_magnitude', 'max_spin1_magnitude', 'min_spin2_magnitude', 'max_spin2_magnitude', 'pow_spin1_magnitude', 'pow_spin2_magnitude'])
[STATUS] Changing population parameters and values for:
 {'gamma_low': 3.0, 'eta_low': 50.0}
[UPDATE] Replacing gamma_low with 3.0 in merged posterior samples
[UPDATE] Replacing eta_low with 50.0 in merged posterior samples
[STATUS] Converting Ncomp to Ncomp
[STATUS] Converting H0 to Ho
[STATUS] Converting Om0 to OmegaMatter
[STATUS] Converting Or0 to OmegaRadiation
[STATUS] Converting OL0 to OmegaLambda
[STATUS] Converting kappa to pow_redshift
[STATUS] Converting max_redshift to max_redshift
[STATUS] Converting min_redshift to min_redshift
[STATUS] Converting model_min to min_mass1_source
[STATUS] Converting alpha_1 to alpha0
[STATUS] Converting m_break to break1_mass1_source
[STATUS] Converting alpha_2 to alpha1
[STATUS] Converting model_max to max_mass1_source
[STATUS] Converting m_min to highpass_mass_scale
[STATUS] Converting eta_min to highpass_exponent
[STATUS] Converting m_max to lowpass_mass_scale
[STATUS] Converting eta_max to lowpass_exponent
[STATUS] Converting A to notch_amplitude
[STATUS] Converting gamma_low to notch_lowmass_scale
[STATUS] Converting eta_low to notch_lowmass_exponent
[STATUS] Converting gamma_high to notch_highmass_scale
[STATUS] Converting eta_high to notch_highmass_exponent
[STATUS] Converting peak_constant1 to sumgaussianpeak_prefactor_mass1_source_0
   Applying normalization offset to this conversion
[STATUS] Converting mu_peak1 to sumgaussianpeak_mean_mass1_source_0
[STATUS] Converting sig_peak1 to sumgaussianpeak_stdv_mass1_source_0
[STATUS] Converting peak_constant2 to sumgaussianpeak_prefactor_mass1_source_1
   Applying normalization offset to this conversion
[STATUS] Converting mu_peak2 to sumgaussianpeak_mean_mass1_source_1
[STATUS] Converting sig_peak2 to sumgaussianpeak_stdv_mass1_source_1
[STATUS] Converting beta_1 to pairing_pow_q_low
[STATUS] Converting beta_2 to pairing_pow_q_high
[STATUS] Converting sep to pairing_mbreak
[STATUS] Converting a_min to min_spin1_magnitude
[STATUS] Converting a_max to max_spin1_magnitude
[STATUS] Converting a_min to min_spin2_magnitude
[STATUS] Converting a_max to max_spin2_magnitude
[STATUS] Converting pow_spin1_magnitude to pow_spin1_magnitude
[STATUS] Converting pow_spin2_magnitude to pow_spin2_magnitude
dict_keys(['Ncomp', 'Ho', 'OmegaMatter', 'OmegaRadiation', 'OmegaLambda', 'pow_redshift', 'max_redshift', 'min_redshift', 'min_mass1_source', 'alpha0', 'break1_mass1_source', 'alpha1', 'max_mass1_source', 'highpass_mass_scale', 'highpass_exponent', 'lowpass_mass_scale', 'lowpass_exponent', 'notch_amplitude', 'notch_lowmass_scale', 'notch_lowmass_exponent', 'notch_highmass_scale', 'notch_highmass_exponent', 'sumgaussianpeak_prefactor_mass1_source_0', 'sumgaussianpeak_mean_mass1_source_0', 'sumgaussianpeak_stdv_mass1_source_0', 'sumgaussianpeak_prefactor_mass1_source_1', 'sumgaussianpeak_mean_mass1_source_1', 'sumgaussianpeak_stdv_mass1_source_1', 'pairing_pow_q_low', 'pairing_pow_q_high', 'pairing_mbreak', 'min_spin1_magnitude', 'max_spin1_magnitude', 'min_spin2_magnitude', 'max_spin2_magnitude', 'pow_spin1_magnitude', 'pow_spin2_magnitude'])
[STATUS] Changing population parameters and values for:
 {'gamma_low': 3.6, 'eta_low': 50.0}
[UPDATE] Replacing gamma_low with 3.6 in merged posterior samples
[UPDATE] Replacing eta_low with 50.0 in merged posterior samples
[STATUS] Converting Ncomp to Ncomp
[STATUS] Converting H0 to Ho
[STATUS] Converting Om0 to OmegaMatter
[STATUS] Converting Or0 to OmegaRadiation
[STATUS] Converting OL0 to OmegaLambda
[STATUS] Converting kappa to pow_redshift
[STATUS] Converting max_redshift to max_redshift
[STATUS] Converting min_redshift to min_redshift
[STATUS] Converting model_min to min_mass1_source
[STATUS] Converting alpha_1 to alpha0
[STATUS] Converting m_break to break1_mass1_source
[STATUS] Converting alpha_2 to alpha1
[STATUS] Converting model_max to max_mass1_source
[STATUS] Converting m_min to highpass_mass_scale
[STATUS] Converting eta_min to highpass_exponent
[STATUS] Converting m_max to lowpass_mass_scale
[STATUS] Converting eta_max to lowpass_exponent
[STATUS] Converting A to notch_amplitude
[STATUS] Converting gamma_low to notch_lowmass_scale
[STATUS] Converting eta_low to notch_lowmass_exponent
[STATUS] Converting gamma_high to notch_highmass_scale
[STATUS] Converting eta_high to notch_highmass_exponent
[STATUS] Converting peak_constant1 to sumgaussianpeak_prefactor_mass1_source_0
   Applying normalization offset to this conversion
[STATUS] Converting mu_peak1 to sumgaussianpeak_mean_mass1_source_0
[STATUS] Converting sig_peak1 to sumgaussianpeak_stdv_mass1_source_0
[STATUS] Converting peak_constant2 to sumgaussianpeak_prefactor_mass1_source_1
   Applying normalization offset to this conversion
[STATUS] Converting mu_peak2 to sumgaussianpeak_mean_mass1_source_1
[STATUS] Converting sig_peak2 to sumgaussianpeak_stdv_mass1_source_1
[STATUS] Converting beta_1 to pairing_pow_q_low
[STATUS] Converting beta_2 to pairing_pow_q_high
[STATUS] Converting sep to pairing_mbreak
[STATUS] Converting a_min to min_spin1_magnitude
[STATUS] Converting a_max to max_spin1_magnitude
[STATUS] Converting a_min to min_spin2_magnitude
[STATUS] Converting a_max to max_spin2_magnitude
[STATUS] Converting pow_spin1_magnitude to pow_spin1_magnitude
[STATUS] Converting pow_spin2_magnitude to pow_spin2_magnitude
dict_keys(['Ncomp', 'Ho', 'OmegaMatter', 'OmegaRadiation', 'OmegaLambda', 'pow_redshift', 'max_redshift', 'min_redshift', 'min_mass1_source', 'alpha0', 'break1_mass1_source', 'alpha1', 'max_mass1_source', 'highpass_mass_scale', 'highpass_exponent', 'lowpass_mass_scale', 'lowpass_exponent', 'notch_amplitude', 'notch_lowmass_scale', 'notch_lowmass_exponent', 'notch_highmass_scale', 'notch_highmass_exponent', 'sumgaussianpeak_prefactor_mass1_source_0', 'sumgaussianpeak_mean_mass1_source_0', 'sumgaussianpeak_stdv_mass1_source_0', 'sumgaussianpeak_prefactor_mass1_source_1', 'sumgaussianpeak_mean_mass1_source_1', 'sumgaussianpeak_stdv_mass1_source_1', 'pairing_pow_q_low', 'pairing_pow_q_high', 'pairing_mbreak', 'min_spin1_magnitude', 'max_spin1_magnitude', 'min_spin2_magnitude', 'max_spin2_magnitude', 'pow_spin1_magnitude', 'pow_spin2_magnitude'])
[STATUS] Changing population parameters and values for:
 {'gamma_low': 1.8, 'eta_low': 50.0}
[UPDATE] Replacing gamma_low with 1.8 in merged posterior samples
[UPDATE] Replacing eta_low with 50.0 in merged posterior samples
[STATUS] Converting Ncomp to Ncomp
[STATUS] Converting H0 to Ho
[STATUS] Converting Om0 to OmegaMatter
[STATUS] Converting Or0 to OmegaRadiation
[STATUS] Converting OL0 to OmegaLambda
[STATUS] Converting kappa to pow_redshift
[STATUS] Converting max_redshift to max_redshift
[STATUS] Converting min_redshift to min_redshift
[STATUS] Converting model_min to min_mass1_source
[STATUS] Converting alpha_1 to alpha0
[STATUS] Converting m_break to break1_mass1_source
[STATUS] Converting alpha_2 to alpha1
[STATUS] Converting model_max to max_mass1_source
[STATUS] Converting m_min to highpass_mass_scale
[STATUS] Converting eta_min to highpass_exponent
[STATUS] Converting m_max to lowpass_mass_scale
[STATUS] Converting eta_max to lowpass_exponent
[STATUS] Converting A to notch_amplitude
[STATUS] Converting gamma_low to notch_lowmass_scale
[STATUS] Converting eta_low to notch_lowmass_exponent
[STATUS] Converting gamma_high to notch_highmass_scale
[STATUS] Converting eta_high to notch_highmass_exponent
[STATUS] Converting peak_constant1 to sumgaussianpeak_prefactor_mass1_source_0
   Applying normalization offset to this conversion
[STATUS] Converting mu_peak1 to sumgaussianpeak_mean_mass1_source_0
[STATUS] Converting sig_peak1 to sumgaussianpeak_stdv_mass1_source_0
[STATUS] Converting peak_constant2 to sumgaussianpeak_prefactor_mass1_source_1
   Applying normalization offset to this conversion
[STATUS] Converting mu_peak2 to sumgaussianpeak_mean_mass1_source_1
[STATUS] Converting sig_peak2 to sumgaussianpeak_stdv_mass1_source_1
[STATUS] Converting beta_1 to pairing_pow_q_low
[STATUS] Converting beta_2 to pairing_pow_q_high
[STATUS] Converting sep to pairing_mbreak
[STATUS] Converting a_min to min_spin1_magnitude
[STATUS] Converting a_max to max_spin1_magnitude
[STATUS] Converting a_min to min_spin2_magnitude
[STATUS] Converting a_max to max_spin2_magnitude
[STATUS] Converting pow_spin1_magnitude to pow_spin1_magnitude
[STATUS] Converting pow_spin2_magnitude to pow_spin2_magnitude
dict_keys(['Ncomp', 'Ho', 'OmegaMatter', 'OmegaRadiation', 'OmegaLambda', 'pow_redshift', 'max_redshift', 'min_redshift', 'min_mass1_source', 'alpha0', 'break1_mass1_source', 'alpha1', 'max_mass1_source', 'highpass_mass_scale', 'highpass_exponent', 'lowpass_mass_scale', 'lowpass_exponent', 'notch_amplitude', 'notch_lowmass_scale', 'notch_lowmass_exponent', 'notch_highmass_scale', 'notch_highmass_exponent', 'sumgaussianpeak_prefactor_mass1_source_0', 'sumgaussianpeak_mean_mass1_source_0', 'sumgaussianpeak_stdv_mass1_source_0', 'sumgaussianpeak_prefactor_mass1_source_1', 'sumgaussianpeak_mean_mass1_source_1', 'sumgaussianpeak_stdv_mass1_source_1', 'pairing_pow_q_low', 'pairing_pow_q_high', 'pairing_mbreak', 'min_spin1_magnitude', 'max_spin1_magnitude', 'min_spin2_magnitude', 'max_spin2_magnitude', 'pow_spin1_magnitude', 'pow_spin2_magnitude'])
[STATUS] Changing population parameters and values for:
 {'gamma_low': 2.2, 'eta_low': 50.0}
[UPDATE] Replacing gamma_low with 2.2 in merged posterior samples
[UPDATE] Replacing eta_low with 50.0 in merged posterior samples
[STATUS] Converting Ncomp to Ncomp
[STATUS] Converting H0 to Ho
[STATUS] Converting Om0 to OmegaMatter
[STATUS] Converting Or0 to OmegaRadiation
[STATUS] Converting OL0 to OmegaLambda
[STATUS] Converting kappa to pow_redshift
[STATUS] Converting max_redshift to max_redshift
[STATUS] Converting min_redshift to min_redshift
[STATUS] Converting model_min to min_mass1_source
[STATUS] Converting alpha_1 to alpha0
[STATUS] Converting m_break to break1_mass1_source
[STATUS] Converting alpha_2 to alpha1
[STATUS] Converting model_max to max_mass1_source
[STATUS] Converting m_min to highpass_mass_scale
[STATUS] Converting eta_min to highpass_exponent
[STATUS] Converting m_max to lowpass_mass_scale
[STATUS] Converting eta_max to lowpass_exponent
[STATUS] Converting A to notch_amplitude
[STATUS] Converting gamma_low to notch_lowmass_scale
[STATUS] Converting eta_low to notch_lowmass_exponent
[STATUS] Converting gamma_high to notch_highmass_scale
[STATUS] Converting eta_high to notch_highmass_exponent
[STATUS] Converting peak_constant1 to sumgaussianpeak_prefactor_mass1_source_0
   Applying normalization offset to this conversion
[STATUS] Converting mu_peak1 to sumgaussianpeak_mean_mass1_source_0
[STATUS] Converting sig_peak1 to sumgaussianpeak_stdv_mass1_source_0
[STATUS] Converting peak_constant2 to sumgaussianpeak_prefactor_mass1_source_1
   Applying normalization offset to this conversion
[STATUS] Converting mu_peak2 to sumgaussianpeak_mean_mass1_source_1
[STATUS] Converting sig_peak2 to sumgaussianpeak_stdv_mass1_source_1
[STATUS] Converting beta_1 to pairing_pow_q_low
[STATUS] Converting beta_2 to pairing_pow_q_high
[STATUS] Converting sep to pairing_mbreak
[STATUS] Converting a_min to min_spin1_magnitude
[STATUS] Converting a_max to max_spin1_magnitude
[STATUS] Converting a_min to min_spin2_magnitude
[STATUS] Converting a_max to max_spin2_magnitude
[STATUS] Converting pow_spin1_magnitude to pow_spin1_magnitude
[STATUS] Converting pow_spin2_magnitude to pow_spin2_magnitude
dict_keys(['Ncomp', 'Ho', 'OmegaMatter', 'OmegaRadiation', 'OmegaLambda', 'pow_redshift', 'max_redshift', 'min_redshift', 'min_mass1_source', 'alpha0', 'break1_mass1_source', 'alpha1', 'max_mass1_source', 'highpass_mass_scale', 'highpass_exponent', 'lowpass_mass_scale', 'lowpass_exponent', 'notch_amplitude', 'notch_lowmass_scale', 'notch_lowmass_exponent', 'notch_highmass_scale', 'notch_highmass_exponent', 'sumgaussianpeak_prefactor_mass1_source_0', 'sumgaussianpeak_mean_mass1_source_0', 'sumgaussianpeak_stdv_mass1_source_0', 'sumgaussianpeak_prefactor_mass1_source_1', 'sumgaussianpeak_mean_mass1_source_1', 'sumgaussianpeak_stdv_mass1_source_1', 'pairing_pow_q_low', 'pairing_pow_q_high', 'pairing_mbreak', 'min_spin1_magnitude', 'max_spin1_magnitude', 'min_spin2_magnitude', 'max_spin2_magnitude', 'pow_spin1_magnitude', 'pow_spin2_magnitude'])
[STATUS] Changing population parameters and values for:
 {'gamma_low': 1.6, 'eta_low': 50.0}
[UPDATE] Replacing gamma_low with 1.6 in merged posterior samples
[UPDATE] Replacing eta_low with 50.0 in merged posterior samples
[STATUS] Converting Ncomp to Ncomp
[STATUS] Converting H0 to Ho
[STATUS] Converting Om0 to OmegaMatter
[STATUS] Converting Or0 to OmegaRadiation
[STATUS] Converting OL0 to OmegaLambda
[STATUS] Converting kappa to pow_redshift
[STATUS] Converting max_redshift to max_redshift
[STATUS] Converting min_redshift to min_redshift
[STATUS] Converting model_min to min_mass1_source
[STATUS] Converting alpha_1 to alpha0
[STATUS] Converting m_break to break1_mass1_source
[STATUS] Converting alpha_2 to alpha1
[STATUS] Converting model_max to max_mass1_source
[STATUS] Converting m_min to highpass_mass_scale
[STATUS] Converting eta_min to highpass_exponent
[STATUS] Converting m_max to lowpass_mass_scale
[STATUS] Converting eta_max to lowpass_exponent
[STATUS] Converting A to notch_amplitude
[STATUS] Converting gamma_low to notch_lowmass_scale
[STATUS] Converting eta_low to notch_lowmass_exponent
[STATUS] Converting gamma_high to notch_highmass_scale
[STATUS] Converting eta_high to notch_highmass_exponent
[STATUS] Converting peak_constant1 to sumgaussianpeak_prefactor_mass1_source_0
   Applying normalization offset to this conversion
[STATUS] Converting mu_peak1 to sumgaussianpeak_mean_mass1_source_0
[STATUS] Converting sig_peak1 to sumgaussianpeak_stdv_mass1_source_0
[STATUS] Converting peak_constant2 to sumgaussianpeak_prefactor_mass1_source_1
   Applying normalization offset to this conversion
[STATUS] Converting mu_peak2 to sumgaussianpeak_mean_mass1_source_1
[STATUS] Converting sig_peak2 to sumgaussianpeak_stdv_mass1_source_1
[STATUS] Converting beta_1 to pairing_pow_q_low
[STATUS] Converting beta_2 to pairing_pow_q_high
[STATUS] Converting sep to pairing_mbreak
[STATUS] Converting a_min to min_spin1_magnitude
[STATUS] Converting a_max to max_spin1_magnitude
[STATUS] Converting a_min to min_spin2_magnitude
[STATUS] Converting a_max to max_spin2_magnitude
[STATUS] Converting pow_spin1_magnitude to pow_spin1_magnitude
[STATUS] Converting pow_spin2_magnitude to pow_spin2_magnitude
dict_keys(['Ncomp', 'Ho', 'OmegaMatter', 'OmegaRadiation', 'OmegaLambda', 'pow_redshift', 'max_redshift', 'min_redshift', 'min_mass1_source', 'alpha0', 'break1_mass1_source', 'alpha1', 'max_mass1_source', 'highpass_mass_scale', 'highpass_exponent', 'lowpass_mass_scale', 'lowpass_exponent', 'notch_amplitude', 'notch_lowmass_scale', 'notch_lowmass_exponent', 'notch_highmass_scale', 'notch_highmass_exponent', 'sumgaussianpeak_prefactor_mass1_source_0', 'sumgaussianpeak_mean_mass1_source_0', 'sumgaussianpeak_stdv_mass1_source_0', 'sumgaussianpeak_prefactor_mass1_source_1', 'sumgaussianpeak_mean_mass1_source_1', 'sumgaussianpeak_stdv_mass1_source_1', 'pairing_pow_q_low', 'pairing_pow_q_high', 'pairing_mbreak', 'min_spin1_magnitude', 'max_spin1_magnitude', 'min_spin2_magnitude', 'max_spin2_magnitude', 'pow_spin1_magnitude', 'pow_spin2_magnitude'])
[STATUS] Changing population parameters and values for:
 {'gamma_low': 3.4, 'eta_low': 50.0}
[UPDATE] Replacing gamma_low with 3.4 in merged posterior samples
[UPDATE] Replacing eta_low with 50.0 in merged posterior samples
[STATUS] Converting Ncomp to Ncomp
[STATUS] Converting H0 to Ho
[STATUS] Converting Om0 to OmegaMatter
[STATUS] Converting Or0 to OmegaRadiation
[STATUS] Converting OL0 to OmegaLambda
[STATUS] Converting kappa to pow_redshift
[STATUS] Converting max_redshift to max_redshift
[STATUS] Converting min_redshift to min_redshift
[STATUS] Converting model_min to min_mass1_source
[STATUS] Converting alpha_1 to alpha0
[STATUS] Converting m_break to break1_mass1_source
[STATUS] Converting alpha_2 to alpha1
[STATUS] Converting model_max to max_mass1_source
[STATUS] Converting m_min to highpass_mass_scale
[STATUS] Converting eta_min to highpass_exponent
[STATUS] Converting m_max to lowpass_mass_scale
[STATUS] Converting eta_max to lowpass_exponent
[STATUS] Converting A to notch_amplitude
[STATUS] Converting gamma_low to notch_lowmass_scale
[STATUS] Converting eta_low to notch_lowmass_exponent
[STATUS] Converting gamma_high to notch_highmass_scale
[STATUS] Converting eta_high to notch_highmass_exponent
[STATUS] Converting peak_constant1 to sumgaussianpeak_prefactor_mass1_source_0
   Applying normalization offset to this conversion
[STATUS] Converting mu_peak1 to sumgaussianpeak_mean_mass1_source_0
[STATUS] Converting sig_peak1 to sumgaussianpeak_stdv_mass1_source_0
[STATUS] Converting peak_constant2 to sumgaussianpeak_prefactor_mass1_source_1
   Applying normalization offset to this conversion
[STATUS] Converting mu_peak2 to sumgaussianpeak_mean_mass1_source_1
[STATUS] Converting sig_peak2 to sumgaussianpeak_stdv_mass1_source_1
[STATUS] Converting beta_1 to pairing_pow_q_low
[STATUS] Converting beta_2 to pairing_pow_q_high
[STATUS] Converting sep to pairing_mbreak
[STATUS] Converting a_min to min_spin1_magnitude
[STATUS] Converting a_max to max_spin1_magnitude
[STATUS] Converting a_min to min_spin2_magnitude
[STATUS] Converting a_max to max_spin2_magnitude
[STATUS] Converting pow_spin1_magnitude to pow_spin1_magnitude
[STATUS] Converting pow_spin2_magnitude to pow_spin2_magnitude
dict_keys(['Ncomp', 'Ho', 'OmegaMatter', 'OmegaRadiation', 'OmegaLambda', 'pow_redshift', 'max_redshift', 'min_redshift', 'min_mass1_source', 'alpha0', 'break1_mass1_source', 'alpha1', 'max_mass1_source', 'highpass_mass_scale', 'highpass_exponent', 'lowpass_mass_scale', 'lowpass_exponent', 'notch_amplitude', 'notch_lowmass_scale', 'notch_lowmass_exponent', 'notch_highmass_scale', 'notch_highmass_exponent', 'sumgaussianpeak_prefactor_mass1_source_0', 'sumgaussianpeak_mean_mass1_source_0', 'sumgaussianpeak_stdv_mass1_source_0', 'sumgaussianpeak_prefactor_mass1_source_1', 'sumgaussianpeak_mean_mass1_source_1', 'sumgaussianpeak_stdv_mass1_source_1', 'pairing_pow_q_low', 'pairing_pow_q_high', 'pairing_mbreak', 'min_spin1_magnitude', 'max_spin1_magnitude', 'min_spin2_magnitude', 'max_spin2_magnitude', 'pow_spin1_magnitude', 'pow_spin2_magnitude'])
[STATUS] Changing population parameters and values for:
 {'gamma_low': 4.0, 'eta_low': 50.0}
[UPDATE] Replacing gamma_low with 4.0 in merged posterior samples
[UPDATE] Replacing eta_low with 50.0 in merged posterior samples
[STATUS] Converting Ncomp to Ncomp
[STATUS] Converting H0 to Ho
[STATUS] Converting Om0 to OmegaMatter
[STATUS] Converting Or0 to OmegaRadiation
[STATUS] Converting OL0 to OmegaLambda
[STATUS] Converting kappa to pow_redshift
[STATUS] Converting max_redshift to max_redshift
[STATUS] Converting min_redshift to min_redshift
[STATUS] Converting model_min to min_mass1_source
[STATUS] Converting alpha_1 to alpha0
[STATUS] Converting m_break to break1_mass1_source
[STATUS] Converting alpha_2 to alpha1
[STATUS] Converting model_max to max_mass1_source
[STATUS] Converting m_min to highpass_mass_scale
[STATUS] Converting eta_min to highpass_exponent
[STATUS] Converting m_max to lowpass_mass_scale
[STATUS] Converting eta_max to lowpass_exponent
[STATUS] Converting A to notch_amplitude
[STATUS] Converting gamma_low to notch_lowmass_scale
[STATUS] Converting eta_low to notch_lowmass_exponent
[STATUS] Converting gamma_high to notch_highmass_scale
[STATUS] Converting eta_high to notch_highmass_exponent
[STATUS] Converting peak_constant1 to sumgaussianpeak_prefactor_mass1_source_0
   Applying normalization offset to this conversion
[STATUS] Converting mu_peak1 to sumgaussianpeak_mean_mass1_source_0
[STATUS] Converting sig_peak1 to sumgaussianpeak_stdv_mass1_source_0
[STATUS] Converting peak_constant2 to sumgaussianpeak_prefactor_mass1_source_1
   Applying normalization offset to this conversion
[STATUS] Converting mu_peak2 to sumgaussianpeak_mean_mass1_source_1
[STATUS] Converting sig_peak2 to sumgaussianpeak_stdv_mass1_source_1
[STATUS] Converting beta_1 to pairing_pow_q_low
[STATUS] Converting beta_2 to pairing_pow_q_high
[STATUS] Converting sep to pairing_mbreak
[STATUS] Converting a_min to min_spin1_magnitude
[STATUS] Converting a_max to max_spin1_magnitude
[STATUS] Converting a_min to min_spin2_magnitude
[STATUS] Converting a_max to max_spin2_magnitude
[STATUS] Converting pow_spin1_magnitude to pow_spin1_magnitude
[STATUS] Converting pow_spin2_magnitude to pow_spin2_magnitude
dict_keys(['Ncomp', 'Ho', 'OmegaMatter', 'OmegaRadiation', 'OmegaLambda', 'pow_redshift', 'max_redshift', 'min_redshift', 'min_mass1_source', 'alpha0', 'break1_mass1_source', 'alpha1', 'max_mass1_source', 'highpass_mass_scale', 'highpass_exponent', 'lowpass_mass_scale', 'lowpass_exponent', 'notch_amplitude', 'notch_lowmass_scale', 'notch_lowmass_exponent', 'notch_highmass_scale', 'notch_highmass_exponent', 'sumgaussianpeak_prefactor_mass1_source_0', 'sumgaussianpeak_mean_mass1_source_0', 'sumgaussianpeak_stdv_mass1_source_0', 'sumgaussianpeak_prefactor_mass1_source_1', 'sumgaussianpeak_mean_mass1_source_1', 'sumgaussianpeak_stdv_mass1_source_1', 'pairing_pow_q_low', 'pairing_pow_q_high', 'pairing_mbreak', 'min_spin1_magnitude', 'max_spin1_magnitude', 'min_spin2_magnitude', 'max_spin2_magnitude', 'pow_spin1_magnitude', 'pow_spin2_magnitude'])
[STATUS] Changing population parameters and values for:
 {'gamma_low': 2.6, 'eta_low': 50.0}
[UPDATE] Replacing gamma_low with 2.6 in merged posterior samples
[UPDATE] Replacing eta_low with 50.0 in merged posterior samples
[STATUS] Converting Ncomp to Ncomp
[STATUS] Converting H0 to Ho
[STATUS] Converting Om0 to OmegaMatter
[STATUS] Converting Or0 to OmegaRadiation
[STATUS] Converting OL0 to OmegaLambda
[STATUS] Converting kappa to pow_redshift
[STATUS] Converting max_redshift to max_redshift
[STATUS] Converting min_redshift to min_redshift
[STATUS] Converting model_min to min_mass1_source
[STATUS] Converting alpha_1 to alpha0
[STATUS] Converting m_break to break1_mass1_source
[STATUS] Converting alpha_2 to alpha1
[STATUS] Converting model_max to max_mass1_source
[STATUS] Converting m_min to highpass_mass_scale
[STATUS] Converting eta_min to highpass_exponent
[STATUS] Converting m_max to lowpass_mass_scale
[STATUS] Converting eta_max to lowpass_exponent
[STATUS] Converting A to notch_amplitude
[STATUS] Converting gamma_low to notch_lowmass_scale
[STATUS] Converting eta_low to notch_lowmass_exponent
[STATUS] Converting gamma_high to notch_highmass_scale
[STATUS] Converting eta_high to notch_highmass_exponent
[STATUS] Converting peak_constant1 to sumgaussianpeak_prefactor_mass1_source_0
   Applying normalization offset to this conversion
[STATUS] Converting mu_peak1 to sumgaussianpeak_mean_mass1_source_0
[STATUS] Converting sig_peak1 to sumgaussianpeak_stdv_mass1_source_0
[STATUS] Converting peak_constant2 to sumgaussianpeak_prefactor_mass1_source_1
   Applying normalization offset to this conversion
[STATUS] Converting mu_peak2 to sumgaussianpeak_mean_mass1_source_1
[STATUS] Converting sig_peak2 to sumgaussianpeak_stdv_mass1_source_1
[STATUS] Converting beta_1 to pairing_pow_q_low
[STATUS] Converting beta_2 to pairing_pow_q_high
[STATUS] Converting sep to pairing_mbreak
[STATUS] Converting a_min to min_spin1_magnitude
[STATUS] Converting a_max to max_spin1_magnitude
[STATUS] Converting a_min to min_spin2_magnitude
[STATUS] Converting a_max to max_spin2_magnitude
[STATUS] Converting pow_spin1_magnitude to pow_spin1_magnitude
[STATUS] Converting pow_spin2_magnitude to pow_spin2_magnitude
dict_keys(['Ncomp', 'Ho', 'OmegaMatter', 'OmegaRadiation', 'OmegaLambda', 'pow_redshift', 'max_redshift', 'min_redshift', 'min_mass1_source', 'alpha0', 'break1_mass1_source', 'alpha1', 'max_mass1_source', 'highpass_mass_scale', 'highpass_exponent', 'lowpass_mass_scale', 'lowpass_exponent', 'notch_amplitude', 'notch_lowmass_scale', 'notch_lowmass_exponent', 'notch_highmass_scale', 'notch_highmass_exponent', 'sumgaussianpeak_prefactor_mass1_source_0', 'sumgaussianpeak_mean_mass1_source_0', 'sumgaussianpeak_stdv_mass1_source_0', 'sumgaussianpeak_prefactor_mass1_source_1', 'sumgaussianpeak_mean_mass1_source_1', 'sumgaussianpeak_stdv_mass1_source_1', 'pairing_pow_q_low', 'pairing_pow_q_high', 'pairing_mbreak', 'min_spin1_magnitude', 'max_spin1_magnitude', 'min_spin2_magnitude', 'max_spin2_magnitude', 'pow_spin1_magnitude', 'pow_spin2_magnitude'])
[STATUS] Changing population parameters and values for:
 {'gamma_low': 3.8, 'eta_low': 50.0}
[UPDATE] Replacing gamma_low with 3.8 in merged posterior samples
[UPDATE] Replacing eta_low with 50.0 in merged posterior samples
[STATUS] Converting Ncomp to Ncomp
[STATUS] Converting H0 to Ho
[STATUS] Converting Om0 to OmegaMatter
[STATUS] Converting Or0 to OmegaRadiation
[STATUS] Converting OL0 to OmegaLambda
[STATUS] Converting kappa to pow_redshift
[STATUS] Converting max_redshift to max_redshift
[STATUS] Converting min_redshift to min_redshift
[STATUS] Converting model_min to min_mass1_source
[STATUS] Converting alpha_1 to alpha0
[STATUS] Converting m_break to break1_mass1_source
[STATUS] Converting alpha_2 to alpha1
[STATUS] Converting model_max to max_mass1_source
[STATUS] Converting m_min to highpass_mass_scale
[STATUS] Converting eta_min to highpass_exponent
[STATUS] Converting m_max to lowpass_mass_scale
[STATUS] Converting eta_max to lowpass_exponent
[STATUS] Converting A to notch_amplitude
[STATUS] Converting gamma_low to notch_lowmass_scale
[STATUS] Converting eta_low to notch_lowmass_exponent
[STATUS] Converting gamma_high to notch_highmass_scale
[STATUS] Converting eta_high to notch_highmass_exponent
[STATUS] Converting peak_constant1 to sumgaussianpeak_prefactor_mass1_source_0
   Applying normalization offset to this conversion
[STATUS] Converting mu_peak1 to sumgaussianpeak_mean_mass1_source_0
[STATUS] Converting sig_peak1 to sumgaussianpeak_stdv_mass1_source_0
[STATUS] Converting peak_constant2 to sumgaussianpeak_prefactor_mass1_source_1
   Applying normalization offset to this conversion
[STATUS] Converting mu_peak2 to sumgaussianpeak_mean_mass1_source_1
[STATUS] Converting sig_peak2 to sumgaussianpeak_stdv_mass1_source_1
[STATUS] Converting beta_1 to pairing_pow_q_low
[STATUS] Converting beta_2 to pairing_pow_q_high
[STATUS] Converting sep to pairing_mbreak
[STATUS] Converting a_min to min_spin1_magnitude
[STATUS] Converting a_max to max_spin1_magnitude
[STATUS] Converting a_min to min_spin2_magnitude
[STATUS] Converting a_max to max_spin2_magnitude
[STATUS] Converting pow_spin1_magnitude to pow_spin1_magnitude
[STATUS] Converting pow_spin2_magnitude to pow_spin2_magnitude
dict_keys(['Ncomp', 'Ho', 'OmegaMatter', 'OmegaRadiation', 'OmegaLambda', 'pow_redshift', 'max_redshift', 'min_redshift', 'min_mass1_source', 'alpha0', 'break1_mass1_source', 'alpha1', 'max_mass1_source', 'highpass_mass_scale', 'highpass_exponent', 'lowpass_mass_scale', 'lowpass_exponent', 'notch_amplitude', 'notch_lowmass_scale', 'notch_lowmass_exponent', 'notch_highmass_scale', 'notch_highmass_exponent', 'sumgaussianpeak_prefactor_mass1_source_0', 'sumgaussianpeak_mean_mass1_source_0', 'sumgaussianpeak_stdv_mass1_source_0', 'sumgaussianpeak_prefactor_mass1_source_1', 'sumgaussianpeak_mean_mass1_source_1', 'sumgaussianpeak_stdv_mass1_source_1', 'pairing_pow_q_low', 'pairing_pow_q_high', 'pairing_mbreak', 'min_spin1_magnitude', 'max_spin1_magnitude', 'min_spin2_magnitude', 'max_spin2_magnitude', 'pow_spin1_magnitude', 'pow_spin2_magnitude'])
[STATUS] Merging EOS and Population for POP_VALUE=1.6...
[STATUS] Merging EOS and Population for POP_VALUE=1.8...
[STATUS] Merging EOS and Population for POP_VALUE=2.0...
[STATUS] Merging EOS and Population for POP_VALUE=2.2...
[STATUS] Merging EOS and Population for POP_VALUE=2.4...
[STATUS] Merging EOS and Population for POP_VALUE=2.6...
[STATUS] Merging EOS and Population for POP_VALUE=2.8...
[STATUS] Merging EOS and Population for POP_VALUE=3.0...
[STATUS] Merging EOS and Population for POP_VALUE=3.2...
[STATUS] Merging EOS and Population for POP_VALUE=3.4...
[STATUS] Merging EOS and Population for POP_VALUE=3.6...
[STATUS] Merging EOS and Population for POP_VALUE=3.8...
[STATUS] Merging EOS and Population for POP_VALUE=4.0...
/fs/lustre/scratch/mali/gw-distributions/gwdistributions/distributions/location/angles/zodiac/iau.py:9: UserWarning: pkg_resources is deprecated as an API. See https://setuptools.pypa.io/en/latest/pkg_resources.html. The pkg_resources package is slated for removal as early as 2025-11-30. Refrain from using this package or pin to Setuptools<81.
  from pkg_resources import resource_filename
/fs/lustre/scratch/mali/gw-distributions/gwdistributions/distributions/location/angles/zodiac/iau.py:9: UserWarning: pkg_resources is deprecated as an API. See https://setuptools.pypa.io/en/latest/pkg_resources.html. The pkg_resources package is slated for removal as early as 2025-11-30. Refrain from using this package or pin to Setuptools<81.
  from pkg_resources import resource_filename
/fs/lustre/scratch/mali/gw-distributions/gwdistributions/distributions/location/angles/zodiac/iau.py:9: UserWarning: pkg_resources is deprecated as an API. See https://setuptools.pypa.io/en/latest/pkg_resources.html. The pkg_resources package is slated for removal as early as 2025-11-30. Refrain from using this package or pin to Setuptools<81.
  from pkg_resources import resource_filename
/fs/lustre/scratch/mali/gw-distributions/gwdistributions/distributions/location/angles/zodiac/iau.py:9: UserWarning: pkg_resources is deprecated as an API. See https://setuptools.pypa.io/en/latest/pkg_resources.html. The pkg_resources package is slated for removal as early as 2025-11-30. Refrain from using this package or pin to Setuptools<81.
  from pkg_resources import resource_filename
/fs/lustre/scratch/mali/gw-distributions/gwdistributions/distributions/location/angles/zodiac/iau.py:9: UserWarning: pkg_resources is deprecated as an API. See https://setuptools.pypa.io/en/latest/pkg_resources.html. The pkg_resources package is slated for removal as early as 2025-11-30. Refrain from using this package or pin to Setuptools<81.
  from pkg_resources import resource_filename
/fs/lustre/scratch/mali/gw-distributions/gwdistributions/distributions/location/angles/zodiac/iau.py:9: UserWarning: pkg_resources is deprecated as an API. See https://setuptools.pypa.io/en/latest/pkg_resources.html. The pkg_resources package is slated for removal as early as 2025-11-30. Refrain from using this package or pin to Setuptools<81.
  from pkg_resources import resource_filename
/fs/lustre/scratch/mali/gw-distributions/gwdistributions/distributions/location/angles/zodiac/iau.py:9: UserWarning: pkg_resources is deprecated as an API. See https://setuptools.pypa.io/en/latest/pkg_resources.html. The pkg_resources package is slated for removal as early as 2025-11-30. Refrain from using this package or pin to Setuptools<81.
  from pkg_resources import resource_filename
/fs/lustre/scratch/mali/gw-distributions/gwdistributions/distributions/location/angles/zodiac/iau.py:9: UserWarning: pkg_resources is deprecated as an API. See https://setuptools.pypa.io/en/latest/pkg_resources.html. The pkg_resources package is slated for removal as early as 2025-11-30. Refrain from using this package or pin to Setuptools<81.
  from pkg_resources import resource_filename
/fs/lustre/scratch/mali/gw-distributions/gwdistributions/distributions/location/angles/zodiac/iau.py:9: UserWarning: pkg_resources is deprecated as an API. See https://setuptools.pypa.io/en/latest/pkg_resources.html. The pkg_resources package is slated for removal as early as 2025-11-30. Refrain from using this package or pin to Setuptools<81.
  from pkg_resources import resource_filename
/fs/lustre/scratch/mali/gw-distributions/gwdistributions/distributions/location/angles/zodiac/iau.py:9: UserWarning: pkg_resources is deprecated as an API. See https://setuptools.pypa.io/en/latest/pkg_resources.html. The pkg_resources package is slated for removal as early as 2025-11-30. Refrain from using this package or pin to Setuptools<81.
  from pkg_resources import resource_filename
/fs/lustre/scratch/mali/gw-distributions/gwdistributions/distributions/location/angles/zodiac/iau.py:9: UserWarning: pkg_resources is deprecated as an API. See https://setuptools.pypa.io/en/latest/pkg_resources.html. The pkg_resources package is slated for removal as early as 2025-11-30. Refrain from using this package or pin to Setuptools<81.
  from pkg_resources import resource_filename
/fs/lustre/scratch/mali/gw-distributions/gwdistributions/distributions/location/angles/zodiac/iau.py:9: UserWarning: pkg_resources is deprecated as an API. See https://setuptools.pypa.io/en/latest/pkg_resources.html. The pkg_resources package is slated for removal as early as 2025-11-30. Refrain from using this package or pin to Setuptools<81.
  from pkg_resources import resource_filename
/fs/lustre/scratch/mali/gw-distributions/gwdistributions/distributions/location/angles/zodiac/iau.py:9: UserWarning: pkg_resources is deprecated as an API. See https://setuptools.pypa.io/en/latest/pkg_resources.html. The pkg_resources package is slated for removal as early as 2025-11-30. Refrain from using this package or pin to Setuptools<81.
  from pkg_resources import resource_filename
loading samples from : ../samples/LEC-2020.csv.gz
downsampling from 69881 -> 5000 samples
loading samples from : population4.0.csv.gz
downsampling from 5000 -> 1000 samples
generating all (5000 * 1000 = 5000000) possible combinations of samples
saving combined data to: eos_population_mixtures/LEC-2020_population4.0.csv.gz
loading samples from : ../samples/LEC-2020.csv.gz
downsampling from 69881 -> 5000 samples
loading samples from : population3.4.csv.gz
downsampling from 5000 -> 1000 samples
generating all (5000 * 1000 = 5000000) possible combinations of samples
saving combined data to: eos_population_mixtures/LEC-2020_population3.4.csv.gz
loading samples from : ../samples/LEC-2020.csv.gz
downsampling from 69881 -> 5000 samples
loading samples from : population2.4.csv.gz
downsampling from 5000 -> 1000 samples
generating all (5000 * 1000 = 5000000) possible combinations of samples
saving combined data to: eos_population_mixtures/LEC-2020_population2.4.csv.gz
loading samples from : ../samples/LEC-2020.csv.gz
downsampling from 69881 -> 5000 samples
loading samples from : population2.6.csv.gz
downsampling from 5000 -> 1000 samples
generating all (5000 * 1000 = 5000000) possible combinations of samples
saving combined data to: eos_population_mixtures/LEC-2020_population2.6.csv.gz
loading samples from : ../samples/LEC-2020.csv.gz
downsampling from 69881 -> 5000 samples
loading samples from : population3.8.csv.gz
downsampling from 5000 -> 1000 samples
generating all (5000 * 1000 = 5000000) possible combinations of samples
saving combined data to: eos_population_mixtures/LEC-2020_population3.8.csv.gz
loading samples from : ../samples/LEC-2020.csv.gz
downsampling from 69881 -> 5000 samples
loading samples from : population1.8.csv.gz
downsampling from 5000 -> 1000 samples
generating all (5000 * 1000 = 5000000) possible combinations of samples
saving combined data to: eos_population_mixtures/LEC-2020_population1.8.csv.gz
loading samples from : ../samples/LEC-2020.csv.gz
downsampling from 69881 -> 5000 samples
loading samples from : population3.0.csv.gz
downsampling from 5000 -> 1000 samples
generating all (5000 * 1000 = 5000000) possible combinations of samples
saving combined data to: eos_population_mixtures/LEC-2020_population3.0.csv.gz
loading samples from : ../samples/LEC-2020.csv.gz
downsampling from 69881 -> 5000 samples
loading samples from : population2.0.csv.gz
downsampling from 5000 -> 1000 samples
generating all (5000 * 1000 = 5000000) possible combinations of samples
saving combined data to: eos_population_mixtures/LEC-2020_population2.0.csv.gz
loading samples from : ../samples/LEC-2020.csv.gz
downsampling from 69881 -> 5000 samples
loading samples from : population1.6.csv.gz
downsampling from 5000 -> 1000 samples
generating all (5000 * 1000 = 5000000) possible combinations of samples
saving combined data to: eos_population_mixtures/LEC-2020_population1.6.csv.gz
loading samples from : ../samples/LEC-2020.csv.gz
downsampling from 69881 -> 5000 samples
loading samples from : population3.2.csv.gz
downsampling from 5000 -> 1000 samples
generating all (5000 * 1000 = 5000000) possible combinations of samples
saving combined data to: eos_population_mixtures/LEC-2020_population3.2.csv.gz
loading samples from : ../samples/LEC-2020.csv.gz
downsampling from 69881 -> 5000 samples
loading samples from : population2.8.csv.gz
downsampling from 5000 -> 1000 samples
generating all (5000 * 1000 = 5000000) possible combinations of samples
saving combined data to: eos_population_mixtures/LEC-2020_population2.8.csv.gz
loading samples from : ../samples/LEC-2020.csv.gz
downsampling from 69881 -> 5000 samples
loading samples from : population2.2.csv.gz
downsampling from 5000 -> 1000 samples
generating all (5000 * 1000 = 5000000) possible combinations of samples
saving combined data to: eos_population_mixtures/LEC-2020_population2.2.csv.gz
loading samples from : ../samples/LEC-2020.csv.gz
downsampling from 69881 -> 5000 samples
loading samples from : population3.6.csv.gz
downsampling from 5000 -> 1000 samples
generating all (5000 * 1000 = 5000000) possible combinations of samples
saving combined data to: eos_population_mixtures/LEC-2020_population3.6.csv.gz


[STATUS] Completed conversion scripts, running mmms now...
[STATUS] Running mmms for event GW230529_Combined_PHM_highSpin, value 1.6, component 1...
[STATUS] Running mmms for event GW230529_Combined_PHM_highSpin, value 1.8, component 1...
[STATUS] Running mmms for event GW230529_Combined_PHM_highSpin, value 2.0, component 1...
[STATUS] Running mmms for event GW230529_Combined_PHM_highSpin, value 2.2, component 1...
[STATUS] Running mmms for event GW230529_Combined_PHM_highSpin, value 2.4, component 1...
[STATUS] Running mmms for event GW230529_Combined_PHM_highSpin, value 2.6, component 1...
[STATUS] Running mmms for event GW230529_Combined_PHM_highSpin, value 2.8, component 1...
[STATUS] Running mmms for event GW230529_Combined_PHM_highSpin, value 3.0, component 1...
[STATUS] Running mmms for event GW230529_Combined_PHM_highSpin, value 3.2, component 1...
[STATUS] Running mmms for event GW230529_Combined_PHM_highSpin, value 3.4, component 1...
[STATUS] Running mmms for event GW230529_Combined_PHM_highSpin, value 3.6, component 1...
[STATUS] Running mmms for event GW230529_Combined_PHM_highSpin, value 3.8, component 1...
[STATUS] Running mmms for event GW230529_Combined_PHM_highSpin, value 4.0, component 1...
[STATUS] Running mmms for event GW190425_C01:IMRPhenomPv2_NRTidal:HighSpin, value 1.6, component 1...
[STATUS] Running mmms for event GW190425_C01:IMRPhenomPv2_NRTidal:HighSpin, value 1.8, component 1...
[STATUS] Running mmms for event GW190425_C01:IMRPhenomPv2_NRTidal:HighSpin, value 2.0, component 1...
[STATUS] Running mmms for event GW190425_C01:IMRPhenomPv2_NRTidal:HighSpin, value 2.2, component 1...
[STATUS] Running mmms for event GW190425_C01:IMRPhenomPv2_NRTidal:HighSpin, value 2.4, component 1...
[STATUS] Running mmms for event GW190425_C01:IMRPhenomPv2_NRTidal:HighSpin, value 2.6, component 1...
[STATUS] Running mmms for event GW190425_C01:IMRPhenomPv2_NRTidal:HighSpin, value 2.8, component 1...
[STATUS] Running mmms for event GW190425_C01:IMRPhenomPv2_NRTidal:HighSpin, value 3.0, component 1...
[STATUS] Running mmms for event GW190425_C01:IMRPhenomPv2_NRTidal:HighSpin, value 3.2, component 1...
[STATUS] Running mmms for event GW190425_C01:IMRPhenomPv2_NRTidal:HighSpin, value 3.4, component 1...
[STATUS] Running mmms for event GW190425_C01:IMRPhenomPv2_NRTidal:HighSpin, value 3.6, component 1...
[STATUS] Running mmms for event GW190425_C01:IMRPhenomPv2_NRTidal:HighSpin, value 3.8, component 1...
[STATUS] Running mmms for event GW190425_C01:IMRPhenomPv2_NRTidal:HighSpin, value 4.0, component 1...
[STATUS] Running mmms for event GW190425_C01:IMRPhenomPv2_NRTidal:HighSpin, value 1.6, component 2...
[STATUS] Running mmms for event GW190425_C01:IMRPhenomPv2_NRTidal:HighSpin, value 1.8, component 2...
[STATUS] Running mmms for event GW190425_C01:IMRPhenomPv2_NRTidal:HighSpin, value 2.0, component 2...
[STATUS] Running mmms for event GW190425_C01:IMRPhenomPv2_NRTidal:HighSpin, value 2.2, component 2...
[STATUS] Running mmms for event GW190425_C01:IMRPhenomPv2_NRTidal:HighSpin, value 2.4, component 2...
[STATUS] Running mmms for event GW190425_C01:IMRPhenomPv2_NRTidal:HighSpin, value 2.6, component 2...
[STATUS] Running mmms for event GW190425_C01:IMRPhenomPv2_NRTidal:HighSpin, value 2.8, component 2...
[STATUS] Running mmms for event GW190425_C01:IMRPhenomPv2_NRTidal:HighSpin, value 3.0, component 2...
[STATUS] Running mmms for event GW190425_C01:IMRPhenomPv2_NRTidal:HighSpin, value 3.2, component 2...
[STATUS] Running mmms for event GW190425_C01:IMRPhenomPv2_NRTidal:HighSpin, value 3.4, component 2...
[STATUS] Running mmms for event GW190425_C01:IMRPhenomPv2_NRTidal:HighSpin, value 3.6, component 2...
[STATUS] Running mmms for event GW190425_C01:IMRPhenomPv2_NRTidal:HighSpin, value 3.8, component 2...
[STATUS] Running mmms for event GW190425_C01:IMRPhenomPv2_NRTidal:HighSpin, value 4.0, component 2...
[STATUS] Running mmms for event GW190814_C01:IMRPhenomXPHM, value 1.6, component 2...
[STATUS] Running mmms for event GW190814_C01:IMRPhenomXPHM, value 1.8, component 2...
[STATUS] Running mmms for event GW190814_C01:IMRPhenomXPHM, value 2.0, component 2...
[STATUS] Running mmms for event GW190814_C01:IMRPhenomXPHM, value 2.2, component 2...
[STATUS] Running mmms for event GW190814_C01:IMRPhenomXPHM, value 2.4, component 2...
[STATUS] Running mmms for event GW190814_C01:IMRPhenomXPHM, value 2.6, component 2...
[STATUS] Running mmms for event GW190814_C01:IMRPhenomXPHM, value 2.8, component 2...
[STATUS] Running mmms for event GW190814_C01:IMRPhenomXPHM, value 3.0, component 2...
