setting numpy.random.seed=7236
reading config from: Farah2022-g-PDB.ini
instantiating SamplingDistribution [BinnedPowerLawAsymmetricMassRatioPairing]
loading [Mass1Distribution] from : butterworth.ini
reading config from: butterworth.ini
instantiating SamplingDistribution [ButterworthNotchNPiecePowerLawMass1]
instantiating SamplingDistribution [LocalMergerRatePowerLaw1plusRedshift]
instantiating SamplingDistribution [BetaSpin1Magnitude]
instantiating SamplingDistribution [IsotropicSpin1AzimuthalAngle]
instantiating SamplingDistribution [IsotropicSpin1PolarAngle]
instantiating SamplingDistribution [BetaSpin2Magnitude]
instantiating SamplingDistribution [IsotropicSpin2AzimuthalAngle]
instantiating SamplingDistribution [IsotropicSpin2PolarAngle]
loading samples from : reproduce_gw230529_paper/reed_Farah2022-g-PDB.csv.gz
current number of samples (7421) is less than or equal to the maximum requested (inf)
pruning notch_lowmass_scale samples to fit within [0.100000, 5.000000]
    retained 7421 / 7421 samples
downsampling from 7421 -> 1000 samples
Mtov Samples
    num=1000
    mean=2.621854e+00
    median=2.686013e+00
    std=2.817360e-01
    min=1.542743e+00
    max=2.999670e+00
loading samples from : samples/S230529ay_EXP6_data0_1369419318-7460938_analysis_L1_merge_result.csv.gz
current number of samples (15066) is less than or equal to the maximum requested (inf)
pruning mass1_source samples to fit within [0.000000, 10.000000]
pruning mass2_source samples to fit within [0.000000, 10.000000]
pruning chirp mass samples to fit within [0.000000, 10.000000]
pruning mass ratio samples to fit within [0.000000, 1.000000]
pruning luminosity_distance samples to fit within [0.000000, 10000.000000]
    retained 15066 / 15066 samples
downsampling from 15066 -> 10000 samples
extracting nontrival weights from column=logprior
    exponentiating weights
Mass Samples
    num=10000
    mean=3.464311e+00
    median=3.534794e+00
    std=5.491972e-01
    min=2.180957e+00
    max=6.152997e+00
ignoring spin
marginalizing to compute posterior and odds ratio
computing moments over single-event uncertainty for each population sample separately
computing sums over population uncertainty
computing moments over population uncertainty
    Probability: P(mass <= max_mass(spin, eos)) = 0.172161 +/- 0.006842443
    Odds Ratio : O^{mass <= max_mass(spin, eos))_{else} = 0.207964 +/- 0.009984334
